<?xml version="1.0" encoding="UTF-8"?>
<!-- Generated by org.testng.reporters.JUnitReportReporter -->
<testsuite hostname="xzw" name="TestScripts.TestGetCar" tests="1" failures="0" timestamp="8 Aug 2017 08:14:39 GMT" time="37.106" errors="0">
  <testcase name="test" time="37.106" classname="TestScripts.TestGetCar"/>
</testsuite> <!-- TestScripts.TestGetCar -->
